<?xml version="1.0" encoding="UTF-8"?>
<!-- Generated by org.testng.reporters.JUnitReportReporter -->
<testsuite hostname="DESKTOP-174KRTM" failures="0" tests="3" name="org.test.B" time="0.005" errors="0" timestamp="2024-05-07T13:57:47 IST" skipped="0">
  <testcase classname="org.test.B" name="tc4" time="0.003"/>
  <system-out/>
  <testcase classname="org.test.B" name="tc2" time="0.001"/>
  <system-out/>
  <testcase classname="org.test.B" name="tc5" time="0.001"/>
  <system-out/>
</testsuite> <!-- org.test.B -->
