<?xml version="1.0" encoding="UTF-8"?>
<!-- Generated by org.testng.reporters.JUnitReportReporter -->
<testsuite hostname="DESKTOP-174KRTM" failures="0" tests="7" name="org.test.ProjectTest" time="17.673" errors="0" timestamp="2024-05-07T13:57:47 IST" skipped="0">
  <testcase classname="org.test.ProjectTest" name="tc6" time="1.035"/>
  <system-out/>
  <testcase classname="org.test.ProjectTest" name="tc3" time="0.180"/>
  <system-out/>
  <testcase classname="org.test.ProjectTest" name="tc2" time="5.571"/>
  <system-out/>
  <testcase classname="org.test.ProjectTest" name="tc5" time="1.227"/>
  <system-out/>
  <testcase classname="org.test.ProjectTest" name="tc1" time="2.395"/>
  <system-out/>
  <testcase classname="org.test.ProjectTest" name="tc4" time="2.218"/>
  <system-out/>
  <testcase classname="org.test.ProjectTest" name="tc7" time="5.047"/>
  <system-out/>
</testsuite> <!-- org.test.ProjectTest -->
